<?xml version="1.0" encoding="UTF-8"?>
<!-- Generated by org.testng.reporters.JUnitReportReporter -->
<testsuite skipped="0" hostname="LAPTOP-CSJIOOPH" name="apparelAndShoes.TC_AP_015Test" tests="1" failures="0" timestamp="2022-03-02T19:54:23 IST" time="8.826" errors="0">
  <testcase name="AddProductToCart" time="8.826" classname="apparelAndShoes.TC_AP_015Test"/>
  <system-out>
Home Page is displayed Apparel and shoes page is displayed  </system-out>
</testsuite> <!-- apparelAndShoes.TC_AP_015Test -->
