<?xml version="1.0" encoding="UTF-8"?>
<!-- Generated by org.testng.reporters.JUnitReportReporter -->
<testsuite skipped="0" hostname="LAPTOP-CSJIOOPH" name="apparelAndShoes.TC_AP_017Test" tests="1" failures="0" timestamp="2022-03-02T19:55:49 IST" time="10.294" errors="0">
  <testcase name="AddAndRemoveProductFromCart" time="10.294" classname="apparelAndShoes.TC_AP_017Test"/>
  <system-out>
Home Page is displayed Apparel and shoes page is displayed Shopping Cart page is displayed Shopping Cart is not Empty  </system-out>
</testsuite> <!-- apparelAndShoes.TC_AP_017Test -->
