<?xml version="1.0" encoding="UTF-8"?>
<!-- Generated by org.testng.reporters.JUnitReportReporter -->
<testsuite skipped="0" hostname="LAPTOP-CSJIOOPH" name="apparelAndShoes.TC_AP_019Test" tests="1" failures="0" timestamp="2022-03-02T19:56:44 IST" time="27.321" errors="0">
  <testcase name="PlaceOrderProductUsingCreditCard" time="27.321" classname="apparelAndShoes.TC_AP_019Test"/>
  <system-out>
Home Page is displayed Apparel and shoes page is displayed Shopping Cart page is displayed Billing Address  page is displayed Confirm Order  page is displayed  </system-out>
</testsuite> <!-- apparelAndShoes.TC_AP_019Test -->
