<?xml version="1.0" encoding="UTF-8"?>
<!-- Generated by org.testng.reporters.JUnitReportReporter -->
<testsuite skipped="0" hostname="LAPTOP-CSJIOOPH" name="apparelAndShoes.TC_AP_018Test" tests="1" failures="0" timestamp="2022-03-02T19:56:08 IST" time="8.767" errors="0">
  <testcase name="AddTheProductToCompareListAndRemove" time="8.767" classname="apparelAndShoes.TC_AP_018Test"/>
  <system-out>
Home Page is displayed Apparel and shoes page is displayed Compare List page is displayed Compare List page is displayed Compare List page is Empty  </system-out>
</testsuite> <!-- apparelAndShoes.TC_AP_018Test -->
